Arguments: 
  C:\Program Files\nodejs\node.exe C:\Program Files (x86)\Yarn\bin\yarn.js install

PATH: 
  C:\WINDOWS\system32;C:\WINDOWS;C:\WINDOWS\System32\Wbem;C:\WINDOWS\System32\WindowsPowerShell\v1.0\;C:\Program Files\Intel\WiFi\bin\;C:\Program Files\Common Files\Intel\WirelessCommon\;C:\Program Files\PuTTY\;C:\Program Files\Microsoft SQL Server\110\Tools\Binn\;C:\Program Files\dotnet\;C:\Program Files\Microsoft SQL Server\130\Tools\Binn\;C:\Program Files\Microsoft SQL Server\120\DTS\Binn\;C:\Program Files\Microsoft SQL Server\Client SDK\ODBC\110\Tools\Binn\;C:\Program Files (x86)\Microsoft SQL Server\120\Tools\Binn\;C:\Program Files\Microsoft SQL Server\120\Tools\Binn\;C:\Program Files (x86)\Microsoft SQL Server\120\Tools\Binn\ManagementStudio\;C:\Program Files (x86)\Microsoft SQL Server\120\DTS\Binn\;C:\Program Files\Git\cmd;C:\Program Files\nodejs\;C:\Program Files (x86)\Microsoft SQL Server\Client SDK\ODBC\130\Tools\Binn\;C:\Program Files (x86)\Microsoft SQL Server\140\Tools\Binn\;C:\Program Files (x86)\Microsoft SQL Server\140\DTS\Binn\;C:\Program Files (x86)\Microsoft SQL Server\140\Tools\Binn\ManagementStudio\;C:\Program Files (x86)\Skype\Phone\;C:\WINDOWS\system32\config\systemprofile\.dnx\bin;C:\Program Files\Microsoft DNX\Dnvm\;C:\WINDOWS\System32\OpenSSH\;C:\Program Files (x86)\Microsoft SQL Server\110\DTS\Binn\;C:\Program Files (x86)\Microsoft SQL Server\130\DTS\Binn\;C:\Program Files (x86)\Yarn\bin\;C:\Users\adrian.buda\AppData\Local\Microsoft\WindowsApps;C:\Users\adrian.buda\AppData\Local\GitHubDesktop\bin;C:\Program Files\Microsoft VS Code\bin;C:\Users\adrian.buda\AppData\Roaming\npm;C:\Users\adrian.buda\AppData\Local\Microsoft\WindowsApps;;C:\Users\adrian.buda\AppData\Local\Programs\Fiddler;C:\Users\adrian.buda\AppData\Local\Programs\Microsoft VS Code\bin;C:\Users\adrian.buda\AppData\Local\Yarn\bin

Yarn version: 
  1.9.4

Node version: 
  8.11.2

Platform: 
  win32 x64

Trace: 
  Error: connect ETIMEDOUT 104.16.20.35:443
      at Object._errnoException (util.js:992:11)
      at _exceptionWithHostPort (util.js:1014:20)
      at TCPConnectWrap.afterConnect [as oncomplete] (net.js:1186:14)

npm manifest: 
  {
    "name": "angular-tour-of-heroes",
    "version": "0.0.0",
    "scripts": {
      "ng": "ng",
      "start": "ng serve",
      "build": "ng build",
      "test": "ng test",
      "lint": "ng lint",
      "e2e": "ng e2e"
    },
    "private": true,
    "dependencies": {
      "@angular/animations": "^6.0.3",
      "@angular/common": "^6.0.3",
      "@angular/compiler": "^6.0.3",
      "@angular/core": "^6.0.3",
      "@angular/forms": "^6.0.3",
      "@angular/http": "^6.0.3",
      "@angular/platform-browser": "^6.0.3",
      "@angular/platform-browser-dynamic": "^6.0.3",
      "@angular/router": "^6.0.3",
      "angular-in-memory-web-api": "^0.6.1",
      "core-js": "^2.5.4",
      "rxjs": "^6.0.0",
      "zone.js": "^0.8.26"
    },
    "devDependencies": {
      "@angular/compiler-cli": "^6.0.3",
      "@angular-devkit/build-angular": "~0.6.8",
      "typescript": "~2.7.2",
      "@angular/cli": "~6.0.8",
      "@angular/language-service": "^6.0.3",
      "@types/jasmine": "~2.8.6",
      "@types/jasminewd2": "~2.0.3",
      "@types/node": "~8.9.4",
      "codelyzer": "~4.2.1",
      "jasmine-core": "~2.99.1",
      "jasmine-spec-reporter": "~4.2.1",
      "karma": "~1.7.1",
      "karma-chrome-launcher": "~2.2.0",
      "karma-coverage-istanbul-reporter": "~2.0.0",
      "karma-jasmine": "~1.1.1",
      "karma-jasmine-html-reporter": "^0.2.2",
      "protractor": "~5.3.0",
      "ts-node": "~5.0.1",
      "tslint": "~5.9.1"
    }
  }

yarn manifest: 
  No manifest

Lockfile: 
  No lockfile
